0 info it worked if it ends with ok
1 verbose cli [ 'node', '/usr/bin/npm', 'install', 'sabre-dev-studio-flight' ]
2 info using npm@1.3.6
3 info using node@v0.10.33
4 warn package.json http@0.0.0 No repository field.
5 verbose cache add [ 'sabre-dev-studio-flight', null ]
6 verbose cache add name=undefined spec="sabre-dev-studio-flight" args=["sabre-dev-studio-flight",null]
7 verbose parsed url { protocol: null,
7 verbose parsed url   slashes: null,
7 verbose parsed url   auth: null,
7 verbose parsed url   host: null,
7 verbose parsed url   port: null,
7 verbose parsed url   hostname: null,
7 verbose parsed url   hash: null,
7 verbose parsed url   search: null,
7 verbose parsed url   query: null,
7 verbose parsed url   pathname: 'sabre-dev-studio-flight',
7 verbose parsed url   path: 'sabre-dev-studio-flight',
7 verbose parsed url   href: 'sabre-dev-studio-flight' }
8 silly lockFile 2429b6df-sabre-dev-studio-flight sabre-dev-studio-flight
9 verbose lock sabre-dev-studio-flight /home/ec2-user/.npm/2429b6df-sabre-dev-studio-flight.lock
10 silly lockFile 2429b6df-sabre-dev-studio-flight sabre-dev-studio-flight
11 silly lockFile 2429b6df-sabre-dev-studio-flight sabre-dev-studio-flight
12 verbose addNamed [ 'sabre-dev-studio-flight', '' ]
13 verbose addNamed [ null, '*' ]
14 silly lockFile 1fbbb032-sabre-dev-studio-flight sabre-dev-studio-flight@
15 verbose lock sabre-dev-studio-flight@ /home/ec2-user/.npm/1fbbb032-sabre-dev-studio-flight.lock
16 silly addNameRange { name: 'sabre-dev-studio-flight', range: '*', hasData: false }
17 verbose url raw sabre-dev-studio-flight
18 verbose url resolving [ 'https://registry.npmjs.org/', './sabre-dev-studio-flight' ]
19 verbose url resolved https://registry.npmjs.org/sabre-dev-studio-flight
20 info trying registry request attempt 1 at 03:31:16
21 http GET https://registry.npmjs.org/sabre-dev-studio-flight
22 http 404 https://registry.npmjs.org/sabre-dev-studio-flight
23 silly registry.get cb [ 404,
23 silly registry.get   { date: 'Sun, 01 Mar 2015 03:31:16 GMT',
23 silly registry.get     server: 'CouchDB/1.5.0 (Erlang OTP/R16B03)',
23 silly registry.get     'content-type': 'application/json',
23 silly registry.get     'cache-control': 'max-age=0',
23 silly registry.get     'content-length': '52',
23 silly registry.get     'accept-ranges': 'bytes',
23 silly registry.get     via: '1.1 varnish',
23 silly registry.get     age: '0',
23 silly registry.get     'x-served-by': 'cache-lax1430-LAX',
23 silly registry.get     'x-cache': 'MISS',
23 silly registry.get     'x-cache-hits': '0',
23 silly registry.get     'x-timer': 'S1425180676.700333,VS0,VE180',
23 silly registry.get     'keep-alive': 'timeout=10, max=50',
23 silly registry.get     connection: 'Keep-Alive' } ]
24 silly lockFile 1fbbb032-sabre-dev-studio-flight sabre-dev-studio-flight@
25 silly lockFile 1fbbb032-sabre-dev-studio-flight sabre-dev-studio-flight@
26 error 404 'sabre-dev-studio-flight' is not in the npm registry.
26 error 404 You should bug the author to publish it
26 error 404
26 error 404 Note that you can also install from a
26 error 404 tarball, folder, or http url, or git url.
27 error System Linux 3.14.27-25.47.amzn1.x86_64
28 error command "node" "/usr/bin/npm" "install" "sabre-dev-studio-flight"
29 error cwd /home/ec2-user/shake_server
30 error node -v v0.10.33
31 error npm -v 1.3.6
32 error code E404
33 verbose exit [ 1, true ]
